<?xml version="1.0" encoding="UTF-8"?>
<!-- Generated by org.testng.reporters.JUnitReportReporter -->
<testsuite hostname="LAPTOP-I9E6F5DM" failures="0" tests="1" name="pack3.PratiqueWebDriver" time="3.049" errors="0" timestamp="2022-04-19T19:40:23 EDT" skipped="0">
  <testcase classname="pack3.PratiqueWebDriver" name="getNavigatorClass" time="3.049"/>
  <system-out/>
</testsuite> <!-- pack3.PratiqueWebDriver -->
