<?xml version="1.0" encoding="UTF-8"?>
<!-- Generated by org.testng.reporters.JUnitReportReporter -->
<testsuite hostname="LAPTOP-I9E6F5DM" failures="0" tests="1" name="pack4.ListPracticeTest" time="6.760" errors="0" timestamp="2022-04-21T21:53:59 EDT" skipped="0">
  <testcase classname="pack4.ListPracticeTest" name="javascriptExecutor3" time="6.760"/>
  <system-out/>
</testsuite> <!-- pack4.ListPracticeTest -->
