<?xml version="1.0" encoding="UTF-8"?>
<!-- Generated by org.testng.reporters.JUnitReportReporter -->
<testsuite hostname="LAPTOP-I9E6F5DM" failures="0" tests="1" name="pack3.PratiqueCss" time="8.320" errors="0" timestamp="2022-04-14T20:55:18 EDT" skipped="0">
  <testcase classname="pack3.PratiqueCss" name="checkedTest" time="8.320"/>
  <system-out/>
</testsuite> <!-- pack3.PratiqueCss -->
