<?xml version="1.0" encoding="UTF-8"?>
<!-- Generated by org.testng.reporters.JUnitReportReporter -->
<testsuite hostname="LAPTOP-I9E6F5DM" failures="0" tests="1" name="pack2.MySecondTest" time="5.122" errors="0" timestamp="2022-04-07T21:48:49 EDT" skipped="0">
  <testcase classname="pack2.MySecondTest" name="driverQuit" time="5.122"/>
  <system-out/>
</testsuite> <!-- pack2.MySecondTest -->
