<?xml version="1.0" encoding="UTF-8"?>
<!-- Generated by org.testng.reporters.JUnitReportReporter -->
<testsuite hostname="LAPTOP-I9E6F5DM" failures="0" tests="2" name="pack2.MyFirstTestNGClass" time="5.917" errors="0" timestamp="2022-04-07T19:25:05 EDT" skipped="0">
  <testcase classname="pack2.MyFirstTestNGClass" name="demo2" time="3.652"/>
  <system-out/>
  <testcase classname="pack2.MyFirstTestNGClass" name="demo" time="2.265"/>
  <system-out/>
</testsuite> <!-- pack2.MyFirstTestNGClass -->
