<?xml version="1.0" encoding="UTF-8"?>
<!-- Generated by org.testng.reporters.JUnitReportReporter -->
<testsuite hostname="LAPTOP-I9E6F5DM" failures="0" tests="1" name="pack3.HandleMultipleWindows" time="6.149" errors="0" timestamp="2022-04-21T18:25:35 EDT" skipped="0">
  <testcase classname="pack3.HandleMultipleWindows" name="explicitWaitMechanism" time="6.149"/>
  <system-out/>
</testsuite> <!-- pack3.HandleMultipleWindows -->
